[debug] [2020-10-06T13:23:17.630Z] ----------------------------------------------------------------------
[debug] [2020-10-06T13:23:17.634Z] Command:       C:\Program Files\nodejs\node.exe C:\Users\Justine\AppData\Roaming\npm\node_modules\firebase-tools\lib\bin\firebase.js login
[debug] [2020-10-06T13:23:17.634Z] CLI Version:   8.12.0
[debug] [2020-10-06T13:23:17.635Z] Platform:      win32
[debug] [2020-10-06T13:23:17.635Z] Node Version:  v14.12.0
[debug] [2020-10-06T13:23:17.637Z] Time:          Tue Oct 06 2020 16:23:17 GMT+0300 (East Africa Time)
[debug] [2020-10-06T13:23:17.637Z] ----------------------------------------------------------------------
[debug] [2020-10-06T13:23:17.637Z] 
[info] i  Firebase optionally collects CLI usage and error reporting information to help improve our products. Data is collected in accordance with Google's privacy policy (https://policies.google.com/privacy) and is not used to identify you.
 
[info] i  To change your data collection preference at any time, run `firebase logout` and log in again. 
[info] 
[info] Visit this URL on this device to log in:
[info] https://accounts.google.com/o/oauth2/auth?client_id=563584335869-fgrhgmd47bqnekij5i8b5pr03ho849e6.apps.googleusercontent.com&scope=email%20openid%20https%3A%2F%2Fwww.googleapis.com%2Fauth%2Fcloudplatformprojects.readonly%20https%3A%2F%2Fwww.googleapis.com%2Fauth%2Ffirebase%20https%3A%2F%2Fwww.googleapis.com%2Fauth%2Fcloud-platform&response_type=code&state=292806104&redirect_uri=http%3A%2F%2Flocalhost%3A9005
[info] 
[info] Waiting for authentication...
[debug] [2020-10-06T13:23:21.582Z] Error: spawn cmd ENOENT
    at Process.ChildProcess._handle.onexit (internal/child_process.js:268:19)
    at onErrorNT (internal/child_process.js:464:16)
    at processTicksAndRejections (internal/process/task_queues.js:80:21)
[error] 
[error] Error: An unexpected error has occurred.
[debug] [2020-10-08T13:42:11.208Z] ----------------------------------------------------------------------
[debug] [2020-10-08T13:42:11.238Z] Command:       C:\Program Files\nodejs\node.exe C:\Users\Justine\AppData\Roaming\npm\node_modules\firebase-tools\lib\bin\firebase.js login
[debug] [2020-10-08T13:42:11.239Z] CLI Version:   8.12.0
[debug] [2020-10-08T13:42:11.239Z] Platform:      win32
[debug] [2020-10-08T13:42:11.239Z] Node Version:  v14.12.0
[debug] [2020-10-08T13:42:11.329Z] Time:          Thu Oct 08 2020 16:42:11 GMT+0300 (East Africa Time)
[debug] [2020-10-08T13:42:11.329Z] ----------------------------------------------------------------------
[debug] [2020-10-08T13:42:11.329Z] 
[info] i  Firebase optionally collects CLI usage and error reporting information to help improve our products. Data is collected in accordance with Google's privacy policy (https://policies.google.com/privacy) and is not used to identify you.
 
[info] i  To change your data collection preference at any time, run `firebase logout` and log in again. 
[info] 
[info] Visit this URL on this device to log in:
[info] https://accounts.google.com/o/oauth2/auth?client_id=563584335869-fgrhgmd47bqnekij5i8b5pr03ho849e6.apps.googleusercontent.com&scope=email%20openid%20https%3A%2F%2Fwww.googleapis.com%2Fauth%2Fcloudplatformprojects.readonly%20https%3A%2F%2Fwww.googleapis.com%2Fauth%2Ffirebase%20https%3A%2F%2Fwww.googleapis.com%2Fauth%2Fcloud-platform&response_type=code&state=595429687&redirect_uri=http%3A%2F%2Flocalhost%3A9005
[info] 
[info] Waiting for authentication...
[debug] [2020-10-08T13:42:15.900Z] Error: spawn cmd ENOENT
    at Process.ChildProcess._handle.onexit (internal/child_process.js:268:19)
    at onErrorNT (internal/child_process.js:464:16)
    at processTicksAndRejections (internal/process/task_queues.js:80:21)
[error] 
[error] Error: An unexpected error has occurred.
[debug] [2020-10-08T20:51:21.695Z] ----------------------------------------------------------------------
[debug] [2020-10-08T20:51:21.715Z] Command:       C:\Program Files\nodejs\node.exe C:\Users\Justine\AppData\Roaming\npm\node_modules\firebase-tools\lib\bin\firebase.js login
[debug] [2020-10-08T20:51:21.716Z] CLI Version:   8.12.0
[debug] [2020-10-08T20:51:21.716Z] Platform:      win32
[debug] [2020-10-08T20:51:21.716Z] Node Version:  v14.12.0
[debug] [2020-10-08T20:51:21.895Z] Time:          Thu Oct 08 2020 23:51:21 GMT+0300 (East Africa Time)
[debug] [2020-10-08T20:51:21.898Z] ----------------------------------------------------------------------
[debug] [2020-10-08T20:51:21.899Z] 
[info] i  Firebase optionally collects CLI usage and error reporting information to help improve our products. Data is collected in accordance with Google's privacy policy (https://policies.google.com/privacy) and is not used to identify you.
 
[info] i  To change your data collection preference at any time, run `firebase logout` and log in again. 
[info] 
[info] Visit this URL on this device to log in:
[info] https://accounts.google.com/o/oauth2/auth?client_id=563584335869-fgrhgmd47bqnekij5i8b5pr03ho849e6.apps.googleusercontent.com&scope=email%20openid%20https%3A%2F%2Fwww.googleapis.com%2Fauth%2Fcloudplatformprojects.readonly%20https%3A%2F%2Fwww.googleapis.com%2Fauth%2Ffirebase%20https%3A%2F%2Fwww.googleapis.com%2Fauth%2Fcloud-platform&response_type=code&state=124369940&redirect_uri=http%3A%2F%2Flocalhost%3A9005
[info] 
[info] Waiting for authentication...
[debug] [2020-10-08T20:51:37.005Z] Error: spawn cmd ENOENT
    at Process.ChildProcess._handle.onexit (internal/child_process.js:268:19)
    at onErrorNT (internal/child_process.js:464:16)
    at processTicksAndRejections (internal/process/task_queues.js:80:21)
[error] 
[error] Error: An unexpected error has occurred.
